<?xml version="1.0" encoding="UTF-8"?>
<testsuite xmlns:xsi="http://www.w3.org/2001/XMLSchema-instance" xsi:noNamespaceSchemaLocation="https://maven.apache.org/surefire/maven-surefire-plugin/xsd/surefire-test-report-3.0.xsd" version="3.0" name="com.sandy.fw.boot.datasource.DataSourceConfigPropertyTest" time="0.302" tests="8" errors="0" skipped="0" failures="0">
  <properties>
[...]
</properties>
  <testcase name="testAllConfiguredDataSourcesAreValid" classname="com.sandy.fw.boot.datasource.DataSourceConfigPropertyTest" time="0.242">
    <system-out><![CDATA[11:49:36.391 [main] DEBUG org.springframework.boot.env.OriginTrackedYamlLoader - Loading from YAML: class path resource [application-test.yml]
11:49:36.417 [main] DEBUG org.springframework.boot.env.OriginTrackedYamlLoader - Merging document (no matchers set): {spring={datasource={dynamic={primary=system, strict=true, datasource={system={url=jdbc:h2:mem:sandy_system;DB_CLOSE_DELAY=-1;MODE=MySQL, username=sa, password=, driver-class-name=org.h2.Driver}, pay={url=jdbc:h2:mem:sandy_pay;DB_CLOSE_DELAY=-1;MODE=MySQL, username=sa, password=, driver-class-name=org.h2.Driver}}}}, autoconfigure={exclude=[org.springframework.boot.autoconfigure.data.redis.RedisAutoConfiguration, org.springframework.boot.autoconfigure.data.redis.RedisRepositoriesAutoConfiguration]}}, mybatis-plus={mapper-locations=classpath*:mapper/*Mapper.xml}}
11:49:36.417 [main] DEBUG org.springframework.boot.env.OriginTrackedYamlLoader - Loaded 1 document from YAML resource: class path resource [application-test.yml]
]]></system-out>
  </testcase>
  <testcase name="testStrictModeEnabled" classname="com.sandy.fw.boot.datasource.DataSourceConfigPropertyTest" time="0.008">
    <system-out><![CDATA[11:49:36.556 [main] DEBUG org.springframework.boot.env.OriginTrackedYamlLoader - Loading from YAML: class path resource [application-test.yml]
11:49:36.559 [main] DEBUG org.springframework.boot.env.OriginTrackedYamlLoader - Merging document (no matchers set): {spring={datasource={dynamic={primary=system, strict=true, datasource={system={url=jdbc:h2:mem:sandy_system;DB_CLOSE_DELAY=-1;MODE=MySQL, username=sa, password=, driver-class-name=org.h2.Driver}, pay={url=jdbc:h2:mem:sandy_pay;DB_CLOSE_DELAY=-1;MODE=MySQL, username=sa, password=, driver-class-name=org.h2.Driver}}}}, autoconfigure={exclude=[org.springframework.boot.autoconfigure.data.redis.RedisAutoConfiguration, org.springframework.boot.autoconfigure.data.redis.RedisRepositoriesAutoConfiguration]}}, mybatis-plus={mapper-locations=classpath*:mapper/*Mapper.xml}}
11:49:36.559 [main] DEBUG org.springframework.boot.env.OriginTrackedYamlLoader - Loaded 1 document from YAML resource: class path resource [application-test.yml]
]]></system-out>
  </testcase>
  <testcase name="testSystemDataSourceUsesH2Driver" classname="com.sandy.fw.boot.datasource.DataSourceConfigPropertyTest" time="0.007">
    <system-out><![CDATA[11:49:36.565 [main] DEBUG org.springframework.boot.env.OriginTrackedYamlLoader - Loading from YAML: class path resource [application-test.yml]
11:49:36.567 [main] DEBUG org.springframework.boot.env.OriginTrackedYamlLoader - Merging document (no matchers set): {spring={datasource={dynamic={primary=system, strict=true, datasource={system={url=jdbc:h2:mem:sandy_system;DB_CLOSE_DELAY=-1;MODE=MySQL, username=sa, password=, driver-class-name=org.h2.Driver}, pay={url=jdbc:h2:mem:sandy_pay;DB_CLOSE_DELAY=-1;MODE=MySQL, username=sa, password=, driver-class-name=org.h2.Driver}}}}, autoconfigure={exclude=[org.springframework.boot.autoconfigure.data.redis.RedisAutoConfiguration, org.springframework.boot.autoconfigure.data.redis.RedisRepositoriesAutoConfiguration]}}, mybatis-plus={mapper-locations=classpath*:mapper/*Mapper.xml}}
11:49:36.567 [main] DEBUG org.springframework.boot.env.OriginTrackedYamlLoader - Loaded 1 document from YAML resource: class path resource [application-test.yml]
]]></system-out>
  </testcase>
  <testcase name="testSystemAndPayDataSourcesConfigured" classname="com.sandy.fw.boot.datasource.DataSourceConfigPropertyTest" time="0.005">
    <system-out><![CDATA[11:49:36.572 [main] DEBUG org.springframework.boot.env.OriginTrackedYamlLoader - Loading from YAML: class path resource [application-test.yml]
11:49:36.575 [main] DEBUG org.springframework.boot.env.OriginTrackedYamlLoader - Merging document (no matchers set): {spring={datasource={dynamic={primary=system, strict=true, datasource={system={url=jdbc:h2:mem:sandy_system;DB_CLOSE_DELAY=-1;MODE=MySQL, username=sa, password=, driver-class-name=org.h2.Driver}, pay={url=jdbc:h2:mem:sandy_pay;DB_CLOSE_DELAY=-1;MODE=MySQL, username=sa, password=, driver-class-name=org.h2.Driver}}}}, autoconfigure={exclude=[org.springframework.boot.autoconfigure.data.redis.RedisAutoConfiguration, org.springframework.boot.autoconfigure.data.redis.RedisRepositoriesAutoConfiguration]}}, mybatis-plus={mapper-locations=classpath*:mapper/*Mapper.xml}}
11:49:36.575 [main] DEBUG org.springframework.boot.env.OriginTrackedYamlLoader - Loaded 1 document from YAML resource: class path resource [application-test.yml]
]]></system-out>
  </testcase>
  <testcase name="testPrimaryDataSourceIsSystem" classname="com.sandy.fw.boot.datasource.DataSourceConfigPropertyTest" time="0.006">
    <system-out><![CDATA[11:49:36.579 [main] DEBUG org.springframework.boot.env.OriginTrackedYamlLoader - Loading from YAML: class path resource [application-test.yml]
11:49:36.581 [main] DEBUG org.springframework.boot.env.OriginTrackedYamlLoader - Merging document (no matchers set): {spring={datasource={dynamic={primary=system, strict=true, datasource={system={url=jdbc:h2:mem:sandy_system;DB_CLOSE_DELAY=-1;MODE=MySQL, username=sa, password=, driver-class-name=org.h2.Driver}, pay={url=jdbc:h2:mem:sandy_pay;DB_CLOSE_DELAY=-1;MODE=MySQL, username=sa, password=, driver-class-name=org.h2.Driver}}}}, autoconfigure={exclude=[org.springframework.boot.autoconfigure.data.redis.RedisAutoConfiguration, org.springframework.boot.autoconfigure.data.redis.RedisRepositoriesAutoConfiguration]}}, mybatis-plus={mapper-locations=classpath*:mapper/*Mapper.xml}}
11:49:36.581 [main] DEBUG org.springframework.boot.env.OriginTrackedYamlLoader - Loaded 1 document from YAML resource: class path resource [application-test.yml]
]]></system-out>
  </testcase>
  <testcase name="testPayDataSourceUsesH2Driver" classname="com.sandy.fw.boot.datasource.DataSourceConfigPropertyTest" time="0.007">
    <system-out><![CDATA[11:49:36.585 [main] DEBUG org.springframework.boot.env.OriginTrackedYamlLoader - Loading from YAML: class path resource [application-test.yml]
11:49:36.587 [main] DEBUG org.springframework.boot.env.OriginTrackedYamlLoader - Merging document (no matchers set): {spring={datasource={dynamic={primary=system, strict=true, datasource={system={url=jdbc:h2:mem:sandy_system;DB_CLOSE_DELAY=-1;MODE=MySQL, username=sa, password=, driver-class-name=org.h2.Driver}, pay={url=jdbc:h2:mem:sandy_pay;DB_CLOSE_DELAY=-1;MODE=MySQL, username=sa, password=, driver-class-name=org.h2.Driver}}}}, autoconfigure={exclude=[org.springframework.boot.autoconfigure.data.redis.RedisAutoConfiguration, org.springframework.boot.autoconfigure.data.redis.RedisRepositoriesAutoConfiguration]}}, mybatis-plus={mapper-locations=classpath*:mapper/*Mapper.xml}}
11:49:36.587 [main] DEBUG org.springframework.boot.env.OriginTrackedYamlLoader - Loaded 1 document from YAML resource: class path resource [application-test.yml]
]]></system-out>
  </testcase>
  <testcase name="testConfiguredDataSourceCount" classname="com.sandy.fw.boot.datasource.DataSourceConfigPropertyTest" time="0.006">
    <system-out><![CDATA[11:49:36.594 [main] DEBUG org.springframework.boot.env.OriginTrackedYamlLoader - Loading from YAML: class path resource [application-test.yml]
11:49:36.596 [main] DEBUG org.springframework.boot.env.OriginTrackedYamlLoader - Merging document (no matchers set): {spring={datasource={dynamic={primary=system, strict=true, datasource={system={url=jdbc:h2:mem:sandy_system;DB_CLOSE_DELAY=-1;MODE=MySQL, username=sa, password=, driver-class-name=org.h2.Driver}, pay={url=jdbc:h2:mem:sandy_pay;DB_CLOSE_DELAY=-1;MODE=MySQL, username=sa, password=, driver-class-name=org.h2.Driver}}}}, autoconfigure={exclude=[org.springframework.boot.autoconfigure.data.redis.RedisAutoConfiguration, org.springframework.boot.autoconfigure.data.redis.RedisRepositoriesAutoConfiguration]}}, mybatis-plus={mapper-locations=classpath*:mapper/*Mapper.xml}}
11:49:36.596 [main] DEBUG org.springframework.boot.env.OriginTrackedYamlLoader - Loaded 1 document from YAML resource: class path resource [application-test.yml]
]]></system-out>
  </testcase>
  <testcase name="testDataSourceConfigContainsRequiredProperties" classname="com.sandy.fw.boot.datasource.DataSourceConfigPropertyTest" time="0.003">
    <system-out><![CDATA[11:49:36.600 [main] DEBUG org.springframework.boot.env.OriginTrackedYamlLoader - Loading from YAML: class path resource [application-test.yml]
11:49:36.601 [main] DEBUG org.springframework.boot.env.OriginTrackedYamlLoader - Merging document (no matchers set): {spring={datasource={dynamic={primary=system, strict=true, datasource={system={url=jdbc:h2:mem:sandy_system;DB_CLOSE_DELAY=-1;MODE=MySQL, username=sa, password=, driver-class-name=org.h2.Driver}, pay={url=jdbc:h2:mem:sandy_pay;DB_CLOSE_DELAY=-1;MODE=MySQL, username=sa, password=, driver-class-name=org.h2.Driver}}}}, autoconfigure={exclude=[org.springframework.boot.autoconfigure.data.redis.RedisAutoConfiguration, org.springframework.boot.autoconfigure.data.redis.RedisRepositoriesAutoConfiguration]}}, mybatis-plus={mapper-locations=classpath*:mapper/*Mapper.xml}}
11:49:36.601 [main] DEBUG org.springframework.boot.env.OriginTrackedYamlLoader - Loaded 1 document from YAML resource: class path resource [application-test.yml]
]]></system-out>
  </testcase>
</testsuite>